Sep  29 19:06:22 bchd.a89b5f49-0b1b-4387-905e-5cf330f8095a student: student@bchd:/home/student$ git config --global user.name "seaneon" [0]
Sep  29 19:06:31 bchd.a89b5f49-0b1b-4387-905e-5cf330f8095a student: student@bchd:/home/student$ sudo su - [130]
Sep  29 19:06:34 bchd.a89b5f49-0b1b-4387-905e-5cf330f8095a student: student@bchd:/home/student$ clear [0]
Sep  29 19:06:44 bchd.a89b5f49-0b1b-4387-905e-5cf330f8095a student: student@bchd:/home/student$ sudo apt install python3-pip -y [0]
Sep  29 19:07:09 bchd.a89b5f49-0b1b-4387-905e-5cf330f8095a student: student@bchd:/home/student$ python3 [0]
Sep  29 19:07:17 bchd.a89b5f49-0b1b-4387-905e-5cf330f8095a student: student@bchd:/home/student$ python3 --version [0]
Sep  29 19:07:30 bchd.a89b5f49-0b1b-4387-905e-5cf330f8095a student: student@bchd:/home/student$ cat ~/.python_history [0]
Sep  29 19:07:47 bchd.a89b5f49-0b1b-4387-905e-5cf330f8095a student: student@bchd:/home/student$ cd mycode [1]
Sep  29 19:07:58 bchd.a89b5f49-0b1b-4387-905e-5cf330f8095a student: student@bchd:/home/student$ mkdir mycode [0]
Sep  29 19:08:01 bchd.a89b5f49-0b1b-4387-905e-5cf330f8095a student: student@bchd:/home/student/mycode$ cd mycode [0]
Sep  29 19:08:19 bchd.a89b5f49-0b1b-4387-905e-5cf330f8095a student: student@bchd:/home/student/mycode$ vim no_shebang.py [0]
Sep  29 19:09:22 bchd.a89b5f49-0b1b-4387-905e-5cf330f8095a student: student@bchd:/home/student/mycode$ ls -ll [0]
Sep  29 19:09:29 bchd.a89b5f49-0b1b-4387-905e-5cf330f8095a student: student@bchd:/home/student/mycode$ chmod u+x no_shebang.py [0]
Sep  29 19:09:34 bchd.a89b5f49-0b1b-4387-905e-5cf330f8095a student: student@bchd:/home/student/mycode$ ls -ll [0]
Sep  29 19:09:37 bchd.a89b5f49-0b1b-4387-905e-5cf330f8095a student: student@bchd:/home/student/mycode$ ./no_shebang.py [2]
Sep  29 19:09:48 bchd.a89b5f49-0b1b-4387-905e-5cf330f8095a student: student@bchd:/home/student/mycode$ python3 no_shebang.py [0]
Sep  29 19:10:00 bchd.a89b5f49-0b1b-4387-905e-5cf330f8095a student: student@bchd:/home/student/mycode$ vim py3_shebang.py [0]
Sep  29 19:10:05 bchd.a89b5f49-0b1b-4387-905e-5cf330f8095a student: student@bchd:/home/student/mycode$ chmod u+x py3_shebang.py [0]
Sep  29 19:10:09 bchd.a89b5f49-0b1b-4387-905e-5cf330f8095a student: student@bchd:/home/student/mycode$ ./py3_shebang.py [0]
Sep  29 19:10:15 bchd.a89b5f49-0b1b-4387-905e-5cf330f8095a student: student@bchd:/home/student/mycode$ python3 py3_shebang.py [0]
Sep  29 19:10:26 bchd.a89b5f49-0b1b-4387-905e-5cf330f8095a student: student@bchd:/home/student/mycode$ vim deleteme.py [0]
Sep  29 19:10:30 bchd.a89b5f49-0b1b-4387-905e-5cf330f8095a student: student@bchd:/home/student/mycode$ chmod u+x deleteme.py [0]
Sep  29 19:10:34 bchd.a89b5f49-0b1b-4387-905e-5cf330f8095a student: student@bchd:/home/student/mycode$ ls deleteme.py [0]
Sep  29 19:10:37 bchd.a89b5f49-0b1b-4387-905e-5cf330f8095a student: student@bchd:/home/student/mycode$ ./deleteme.py [0]
Sep  29 19:10:41 bchd.a89b5f49-0b1b-4387-905e-5cf330f8095a student: student@bchd:/home/student/mycode$ ls deleteme.py [2]
Sep  29 19:10:41 bchd.a89b5f4a-0b1b-4387-905e-5cf330f8095a student: student@bchd:/home/student/mycode$ ls deleteme.py [2]
Sep  29 19:10:37 bchd.a89b5f49-0b1b-4387-905e-5cf330f8095a student: student@bchd:/home/student/mycode$ ./deleteme.py [0]
